[16:28:01 - AWT-EventQueue-0] [Cooja.java:2856] [INFO] - External tools default settings: /external_tools_linux_64.config
[16:28:01 - AWT-EventQueue-0] [Cooja.java:2886] [INFO] - External tools user settings: /home/dipon/.cooja.user.properties
[16:28:07 - Thread-0] [Simulation.java:422] [INFO] - Simulation random seed: 3864843377703457204
[16:28:07 - Thread-0] [CompileContiki.java:140] [INFO] - > make sdn-controller.exp5438 TARGET=exp5438 
[16:28:07 - Thread-0] [CompileContiki.java:140] [INFO] - > make sdn-udp-client.exp5438 TARGET=exp5438 
[16:28:08 - Thread-0] [MspMote.java:235] [INFO] - Loading firmware from: /home/dipon/usdn2/EA-SDN-NFV/examples/sdn/controller/sdn-controller.exp5438
[16:28:08 - Thread-0] [MspMote.java:235] [INFO] - Loading firmware from: /home/dipon/usdn2/EA-SDN-NFV/examples/sdn/node/sdn-udp-client.exp5438
[16:28:09 - Thread-0] [MspMote.java:235] [INFO] - Loading firmware from: /home/dipon/usdn2/EA-SDN-NFV/examples/sdn/node/sdn-udp-client.exp5438
[16:28:09 - Thread-0] [MspMote.java:235] [INFO] - Loading firmware from: /home/dipon/usdn2/EA-SDN-NFV/examples/sdn/node/sdn-udp-client.exp5438
[16:28:09 - Thread-0] [MspMote.java:235] [INFO] - Loading firmware from: /home/dipon/usdn2/EA-SDN-NFV/examples/sdn/node/sdn-udp-client.exp5438
[16:28:09 - Thread-0] [MspMote.java:235] [INFO] - Loading firmware from: /home/dipon/usdn2/EA-SDN-NFV/examples/sdn/node/sdn-udp-client.exp5438
[16:28:09 - Thread-0] [MspMote.java:235] [INFO] - Loading firmware from: /home/dipon/usdn2/EA-SDN-NFV/examples/sdn/node/sdn-udp-client.exp5438
[16:28:09 - Thread-0] [MspMote.java:235] [INFO] - Loading firmware from: /home/dipon/usdn2/EA-SDN-NFV/examples/sdn/node/sdn-udp-client.exp5438
[16:28:09 - Thread-0] [MspMote.java:235] [INFO] - Loading firmware from: /home/dipon/usdn2/EA-SDN-NFV/examples/sdn/node/sdn-udp-client.exp5438
[16:28:09 - Thread-0] [MspMote.java:235] [INFO] - Loading firmware from: /home/dipon/usdn2/EA-SDN-NFV/examples/sdn/node/sdn-udp-client.exp5438
[16:28:09 - Thread-0] [MspMote.java:235] [INFO] - Loading firmware from: /home/dipon/usdn2/EA-SDN-NFV/examples/sdn/node/sdn-udp-client.exp5438
[16:28:09 - Thread-0] [MspMote.java:235] [INFO] - Loading firmware from: /home/dipon/usdn2/EA-SDN-NFV/examples/sdn/node/sdn-udp-client.exp5438
[16:28:09 - Thread-0] [MspMote.java:235] [INFO] - Loading firmware from: /home/dipon/usdn2/EA-SDN-NFV/examples/sdn/node/sdn-udp-client.exp5438
[16:28:09 - Thread-0] [MspMote.java:235] [INFO] - Loading firmware from: /home/dipon/usdn2/EA-SDN-NFV/examples/sdn/node/sdn-udp-client.exp5438
[16:28:09 - Thread-0] [MspMote.java:235] [INFO] - Loading firmware from: /home/dipon/usdn2/EA-SDN-NFV/examples/sdn/node/sdn-udp-client.exp5438
[16:28:09 - Thread-0] [MspMote.java:235] [INFO] - Loading firmware from: /home/dipon/usdn2/EA-SDN-NFV/examples/sdn/node/sdn-udp-client.exp5438
[16:28:09 - Thread-0] [MspMote.java:235] [INFO] - Loading firmware from: /home/dipon/usdn2/EA-SDN-NFV/examples/sdn/node/sdn-udp-client.exp5438
[16:28:09 - Thread-0] [MspMote.java:235] [INFO] - Loading firmware from: /home/dipon/usdn2/EA-SDN-NFV/examples/sdn/node/sdn-udp-client.exp5438
[16:28:09 - Thread-0] [MspMote.java:235] [INFO] - Loading firmware from: /home/dipon/usdn2/EA-SDN-NFV/examples/sdn/node/sdn-udp-client.exp5438
[16:28:10 - Thread-0] [MspMote.java:235] [INFO] - Loading firmware from: /home/dipon/usdn2/EA-SDN-NFV/examples/sdn/node/sdn-udp-client.exp5438
[16:28:10 - Thread-0] [MspMote.java:235] [INFO] - Loading firmware from: /home/dipon/usdn2/EA-SDN-NFV/examples/sdn/node/sdn-udp-client.exp5438
[16:28:10 - Thread-0] [MspMote.java:235] [INFO] - Loading firmware from: /home/dipon/usdn2/EA-SDN-NFV/examples/sdn/node/sdn-udp-client.exp5438
[16:28:10 - Thread-0] [MspMote.java:235] [INFO] - Loading firmware from: /home/dipon/usdn2/EA-SDN-NFV/examples/sdn/node/sdn-udp-client.exp5438
[16:28:10 - Thread-0] [MspMote.java:235] [INFO] - Loading firmware from: /home/dipon/usdn2/EA-SDN-NFV/examples/sdn/node/sdn-udp-client.exp5438
[16:28:10 - Thread-0] [MspMote.java:235] [INFO] - Loading firmware from: /home/dipon/usdn2/EA-SDN-NFV/examples/sdn/node/sdn-udp-client.exp5438
[16:28:10 - Thread-0] [MspMote.java:235] [INFO] - Loading firmware from: /home/dipon/usdn2/EA-SDN-NFV/examples/sdn/node/sdn-udp-client.exp5438
[16:28:10 - Thread-0] [MspMote.java:235] [INFO] - Loading firmware from: /home/dipon/usdn2/EA-SDN-NFV/examples/sdn/node/sdn-udp-client.exp5438
[16:28:10 - Thread-0] [MspMote.java:235] [INFO] - Loading firmware from: /home/dipon/usdn2/EA-SDN-NFV/examples/sdn/node/sdn-udp-client.exp5438
[16:28:10 - Thread-0] [MspMote.java:235] [INFO] - Loading firmware from: /home/dipon/usdn2/EA-SDN-NFV/examples/sdn/node/sdn-udp-client.exp5438
[16:28:10 - Thread-0] [MspMote.java:235] [INFO] - Loading firmware from: /home/dipon/usdn2/EA-SDN-NFV/examples/sdn/node/sdn-udp-client.exp5438
[16:28:10 - Thread-0] [MspMote.java:235] [INFO] - Loading firmware from: /home/dipon/usdn2/EA-SDN-NFV/examples/sdn/node/sdn-udp-client.exp5438
[16:28:10 - Thread-0] [MspMote.java:235] [INFO] - Loading firmware from: /home/dipon/usdn2/EA-SDN-NFV/examples/sdn/node/sdn-udp-client.exp5438
[16:28:10 - Thread-0] [MspMote.java:235] [INFO] - Loading firmware from: /home/dipon/usdn2/EA-SDN-NFV/examples/sdn/node/sdn-udp-client.exp5438
[16:28:10 - Thread-0] [MspMote.java:235] [INFO] - Loading firmware from: /home/dipon/usdn2/EA-SDN-NFV/examples/sdn/node/sdn-udp-client.exp5438
[16:28:10 - Thread-0] [MspMote.java:235] [INFO] - Loading firmware from: /home/dipon/usdn2/EA-SDN-NFV/examples/sdn/node/sdn-udp-client.exp5438
[16:28:10 - Thread-0] [MspMote.java:235] [INFO] - Loading firmware from: /home/dipon/usdn2/EA-SDN-NFV/examples/sdn/node/sdn-udp-client.exp5438
[16:28:11 - Thread-0] [MspMote.java:235] [INFO] - Loading firmware from: /home/dipon/usdn2/EA-SDN-NFV/examples/sdn/node/sdn-udp-client.exp5438
[16:28:11 - Thread-0] [MspMote.java:235] [INFO] - Loading firmware from: /home/dipon/usdn2/EA-SDN-NFV/examples/sdn/node/sdn-udp-client.exp5438
[16:28:11 - Thread-0] [MspMote.java:235] [INFO] - Loading firmware from: /home/dipon/usdn2/EA-SDN-NFV/examples/sdn/node/sdn-udp-client.exp5438
[16:28:11 - Thread-0] [MspMote.java:235] [INFO] - Loading firmware from: /home/dipon/usdn2/EA-SDN-NFV/examples/sdn/node/sdn-udp-client.exp5438
[16:28:11 - Thread-0] [MspMote.java:235] [INFO] - Loading firmware from: /home/dipon/usdn2/EA-SDN-NFV/examples/sdn/node/sdn-udp-client.exp5438
[16:28:11 - Thread-0] [Visualizer.java:256] [INFO] - Registered external visualizer: org.contikios.cooja.plugins.skins.DGRMVisualizerSkin
[16:28:11 - Thread-0] [TimeLine.java:567] [INFO] - Zoom level: 500.0 microseconds/pixel 
[16:28:14 - Thread-1] [Simulation.java:253] [INFO] - Simulation main loop started, system time: 1596742094839
